Performing C++ SOURCE FILE Test COMPILER_HAS_DEPRECATED_ATTR failed with the following output:
Change Dir: D:/rexWork/action/20190816_SLAM/ORBSLAM24Windows/Thirdparty/Pangolin/build/CMakeFiles/CMakeTmp

Run Build Command:"C:/Program Files (x86)/MSBuild/14.0/bin/MSBuild.exe" "cmTC_b6a3e.vcxproj" "/p:Configuration=Debug" "/p:Platform=x64" "/p:VisualStudioVersion=14.0"
Microsoft (R) Build Engine version 14.0.24730.2
Copyright (C) Microsoft Corporation. All rights reserved.

Build started 8/26/2019 2:34:05 PM.
The target "BeforeGenerateProjectPriFile" listed in a BeforeTargets attribute at "C:\Program Files (x86)\MSBuild\Microsoft\NuGet\Microsoft.NuGet.targets (186,61)" does not exist in the project, and will be ignored.
Project "D:\rexWork\action\20190816_SLAM\ORBSLAM24Windows\Thirdparty\Pangolin\build\CMakeFiles\CMakeTmp\cmTC_b6a3e.vcxproj" on node 1 (default targets).
PrepareForBuild:
  Creating directory "cmTC_b6a3e.dir\Debug\".
  Creating directory "D:\rexWork\action\20190816_SLAM\ORBSLAM24Windows\Thirdparty\Pangolin\build\CMakeFiles\CMakeTmp\Debug\".
  Creating directory "cmTC_b6a3e.dir\Debug\cmTC_b6a3e.tlog\".
InitializeBuildStatus:
  Creating "cmTC_b6a3e.dir\Debug\cmTC_b6a3e.tlog\unsuccessfulbuild" because "AlwaysCreate" was specified.
ClCompile:
  C:\Program Files (x86)\Microsoft Visual Studio 14.0\VC\bin\x86_amd64\CL.exe /c /Zi /W3 /WX- /Od /Ob0 /D WIN32 /D _WINDOWS /D COMPILER_HAS_DEPRECATED_ATTR /D "CMAKE_INTDIR=\"Debug\"" /D _MBCS /Gm- /EHsc /RTC1 /MDd /GS /fp:precise /Zc:wchar_t /Zc:forScope /Zc:inline /GR /Fo"cmTC_b6a3e.dir\Debug\\" /Fd"cmTC_b6a3e.dir\Debug\vc140.pdb" /Gd /TP /errorReport:queue D:\rexWork\action\20190816_SLAM\ORBSLAM24Windows\Thirdparty\Pangolin\build\CMakeFiles\CMakeTmp\src.cxx
  Microsoft (R) C/C++ Optimizing Compiler Version 19.00.23506 for x64
  Copyright (C) Microsoft Corporation.  All rights reserved.
  
  cl /c /Zi /W3 /WX- /Od /Ob0 /D WIN32 /D _WINDOWS /D COMPILER_HAS_DEPRECATED_ATTR /D "CMAKE_INTDIR=\"Debug\"" /D _MBCS /Gm- /EHsc /RTC1 /MDd /GS /fp:precise /Zc:wchar_t /Zc:forScope /Zc:inline /GR /Fo"cmTC_b6a3e.dir\Debug\\" /Fd"cmTC_b6a3e.dir\Debug\vc140.pdb" /Gd /TP /errorReport:queue D:\rexWork\action\20190816_SLAM\ORBSLAM24Windows\Thirdparty\Pangolin\build\CMakeFiles\CMakeTmp\src.cxx
  
  src.cxx
D:\rexWork\action\20190816_SLAM\ORBSLAM24Windows\Thirdparty\Pangolin\build\CMakeFiles\CMakeTmp\src.cxx(1): error C2065: '__deprecated__': undeclared identifier [D:\rexWork\action\20190816_SLAM\ORBSLAM24Windows\Thirdparty\Pangolin\build\CMakeFiles\CMakeTmp\cmTC_b6a3e.vcxproj]
D:\rexWork\action\20190816_SLAM\ORBSLAM24Windows\Thirdparty\Pangolin\build\CMakeFiles\CMakeTmp\src.cxx(1): error C4430: missing type specifier - int assumed. Note: C++ does not support default-int [D:\rexWork\action\20190816_SLAM\ORBSLAM24Windows\Thirdparty\Pangolin\build\CMakeFiles\CMakeTmp\cmTC_b6a3e.vcxproj]
D:\rexWork\action\20190816_SLAM\ORBSLAM24Windows\Thirdparty\Pangolin\build\CMakeFiles\CMakeTmp\src.cxx(1): error C2448: '__attribute__': function-style initializer appears to be a function definition [D:\rexWork\action\20190816_SLAM\ORBSLAM24Windows\Thirdparty\Pangolin\build\CMakeFiles\CMakeTmp\cmTC_b6a3e.vcxproj]
Done Building Project "D:\rexWork\action\20190816_SLAM\ORBSLAM24Windows\Thirdparty\Pangolin\build\CMakeFiles\CMakeTmp\cmTC_b6a3e.vcxproj" (default targets) -- FAILED.

Build FAILED.

"D:\rexWork\action\20190816_SLAM\ORBSLAM24Windows\Thirdparty\Pangolin\build\CMakeFiles\CMakeTmp\cmTC_b6a3e.vcxproj" (default target) (1) ->
(ClCompile target) -> 
  D:\rexWork\action\20190816_SLAM\ORBSLAM24Windows\Thirdparty\Pangolin\build\CMakeFiles\CMakeTmp\src.cxx(1): error C2065: '__deprecated__': undeclared identifier [D:\rexWork\action\20190816_SLAM\ORBSLAM24Windows\Thirdparty\Pangolin\build\CMakeFiles\CMakeTmp\cmTC_b6a3e.vcxproj]
  D:\rexWork\action\20190816_SLAM\ORBSLAM24Windows\Thirdparty\Pangolin\build\CMakeFiles\CMakeTmp\src.cxx(1): error C4430: missing type specifier - int assumed. Note: C++ does not support default-int [D:\rexWork\action\20190816_SLAM\ORBSLAM24Windows\Thirdparty\Pangolin\build\CMakeFiles\CMakeTmp\cmTC_b6a3e.vcxproj]
  D:\rexWork\action\20190816_SLAM\ORBSLAM24Windows\Thirdparty\Pangolin\build\CMakeFiles\CMakeTmp\src.cxx(1): error C2448: '__attribute__': function-style initializer appears to be a function definition [D:\rexWork\action\20190816_SLAM\ORBSLAM24Windows\Thirdparty\Pangolin\build\CMakeFiles\CMakeTmp\cmTC_b6a3e.vcxproj]

    0 Warning(s)
    3 Error(s)

Time Elapsed 00:00:00.28

Source file was:
__attribute__((__deprecated__)) int somefunc() { return 0; }
    int main() { return somefunc();}
