Determining size of off64_t failed with the following output:
Change Dir: D:/rexWork/action/20190816_SLAM/ORBSLAM24Windows/Thirdparty/Pangolin/build/external/zlib/src/__zlib-build/CMakeFiles/CMakeTmp

Run Build Command:"C:/Program Files (x86)/MSBuild/14.0/bin/MSBuild.exe" "cmTC_8487b.vcxproj" "/p:Configuration=Debug" "/p:Platform=x64" "/p:VisualStudioVersion=14.0"
Microsoft (R) Build Engine version 14.0.24730.2
Copyright (C) Microsoft Corporation. All rights reserved.

Build started 8/26/2019 2:35:09 PM.
The target "BeforeGenerateProjectPriFile" listed in a BeforeTargets attribute at "C:\Program Files (x86)\MSBuild\Microsoft\NuGet\Microsoft.NuGet.targets (186,61)" does not exist in the project, and will be ignored.
Project "D:\rexWork\action\20190816_SLAM\ORBSLAM24Windows\Thirdparty\Pangolin\build\external\zlib\src\__zlib-build\CMakeFiles\CMakeTmp\cmTC_8487b.vcxproj" on node 1 (default targets).
PrepareForBuild:
  Creating directory "cmTC_8487b.dir\Debug\".
  Creating directory "D:\rexWork\action\20190816_SLAM\ORBSLAM24Windows\Thirdparty\Pangolin\build\external\zlib\src\__zlib-build\CMakeFiles\CMakeTmp\Debug\".
  Creating directory "cmTC_8487b.dir\Debug\cmTC_8487b.tlog\".
InitializeBuildStatus:
  Creating "cmTC_8487b.dir\Debug\cmTC_8487b.tlog\unsuccessfulbuild" because "AlwaysCreate" was specified.
ClCompile:
  C:\Program Files (x86)\Microsoft Visual Studio 14.0\VC\bin\x86_amd64\CL.exe /c /Zi /W3 /WX- /Od /Ob0 /D WIN32 /D _WINDOWS /D _LARGEFILE64_SOURCE=1 /D HAVE_SYS_TYPES_H /D HAVE_STDINT_H /D HAVE_STDDEF_H /D "CMAKE_INTDIR=\"Debug\"" /D _MBCS /Gm- /RTC1 /MDd /GS /fp:precise /Zc:wchar_t /Zc:forScope /Zc:inline /Fo"cmTC_8487b.dir\Debug\\" /Fd"cmTC_8487b.dir\Debug\vc140.pdb" /Gd /TC /errorReport:queue "D:\rexWork\action\20190816_SLAM\ORBSLAM24Windows\Thirdparty\Pangolin\build\external\zlib\src\__zlib-build\CMakeFiles\CheckTypeSize\OFF64_T.c"
  Microsoft (R) C/C++ Optimizing Compiler Version 19.00.23506 for x64
  Copyright (C) Microsoft Corporation.  All rights reserved.
  
  cl /c /Zi /W3 /WX- /Od /Ob0 /D WIN32 /D _WINDOWS /D _LARGEFILE64_SOURCE=1 /D HAVE_SYS_TYPES_H /D HAVE_STDINT_H /D HAVE_STDDEF_H /D "CMAKE_INTDIR=\"Debug\"" /D _MBCS /Gm- /RTC1 /MDd /GS /fp:precise /Zc:wchar_t /Zc:forScope /Zc:inline /Fo"cmTC_8487b.dir\Debug\\" /Fd"cmTC_8487b.dir\Debug\vc140.pdb" /Gd /TC /errorReport:queue "D:\rexWork\action\20190816_SLAM\ORBSLAM24Windows\Thirdparty\Pangolin\build\external\zlib\src\__zlib-build\CMakeFiles\CheckTypeSize\OFF64_T.c"
  
  OFF64_T.c
D:\rexWork\action\20190816_SLAM\ORBSLAM24Windows\Thirdparty\Pangolin\build\external\zlib\src\__zlib-build\CMakeFiles\CheckTypeSize\OFF64_T.c(25): error C2065: 'off64_t': undeclared identifier [D:\rexWork\action\20190816_SLAM\ORBSLAM24Windows\Thirdparty\Pangolin\build\external\zlib\src\__zlib-build\CMakeFiles\CMakeTmp\cmTC_8487b.vcxproj]
D:\rexWork\action\20190816_SLAM\ORBSLAM24Windows\Thirdparty\Pangolin\build\external\zlib\src\__zlib-build\CMakeFiles\CheckTypeSize\OFF64_T.c(26): error C2065: 'off64_t': undeclared identifier [D:\rexWork\action\20190816_SLAM\ORBSLAM24Windows\Thirdparty\Pangolin\build\external\zlib\src\__zlib-build\CMakeFiles\CMakeTmp\cmTC_8487b.vcxproj]
D:\rexWork\action\20190816_SLAM\ORBSLAM24Windows\Thirdparty\Pangolin\build\external\zlib\src\__zlib-build\CMakeFiles\CheckTypeSize\OFF64_T.c(27): error C2065: 'off64_t': undeclared identifier [D:\rexWork\action\20190816_SLAM\ORBSLAM24Windows\Thirdparty\Pangolin\build\external\zlib\src\__zlib-build\CMakeFiles\CMakeTmp\cmTC_8487b.vcxproj]
D:\rexWork\action\20190816_SLAM\ORBSLAM24Windows\Thirdparty\Pangolin\build\external\zlib\src\__zlib-build\CMakeFiles\CheckTypeSize\OFF64_T.c(28): error C2065: 'off64_t': undeclared identifier [D:\rexWork\action\20190816_SLAM\ORBSLAM24Windows\Thirdparty\Pangolin\build\external\zlib\src\__zlib-build\CMakeFiles\CMakeTmp\cmTC_8487b.vcxproj]
D:\rexWork\action\20190816_SLAM\ORBSLAM24Windows\Thirdparty\Pangolin\build\external\zlib\src\__zlib-build\CMakeFiles\CheckTypeSize\OFF64_T.c(29): error C2065: 'off64_t': undeclared identifier [D:\rexWork\action\20190816_SLAM\ORBSLAM24Windows\Thirdparty\Pangolin\build\external\zlib\src\__zlib-build\CMakeFiles\CMakeTmp\cmTC_8487b.vcxproj]
Done Building Project "D:\rexWork\action\20190816_SLAM\ORBSLAM24Windows\Thirdparty\Pangolin\build\external\zlib\src\__zlib-build\CMakeFiles\CMakeTmp\cmTC_8487b.vcxproj" (default targets) -- FAILED.

Build FAILED.

"D:\rexWork\action\20190816_SLAM\ORBSLAM24Windows\Thirdparty\Pangolin\build\external\zlib\src\__zlib-build\CMakeFiles\CMakeTmp\cmTC_8487b.vcxproj" (default target) (1) ->
(ClCompile target) -> 
  D:\rexWork\action\20190816_SLAM\ORBSLAM24Windows\Thirdparty\Pangolin\build\external\zlib\src\__zlib-build\CMakeFiles\CheckTypeSize\OFF64_T.c(25): error C2065: 'off64_t': undeclared identifier [D:\rexWork\action\20190816_SLAM\ORBSLAM24Windows\Thirdparty\Pangolin\build\external\zlib\src\__zlib-build\CMakeFiles\CMakeTmp\cmTC_8487b.vcxproj]
  D:\rexWork\action\20190816_SLAM\ORBSLAM24Windows\Thirdparty\Pangolin\build\external\zlib\src\__zlib-build\CMakeFiles\CheckTypeSize\OFF64_T.c(26): error C2065: 'off64_t': undeclared identifier [D:\rexWork\action\20190816_SLAM\ORBSLAM24Windows\Thirdparty\Pangolin\build\external\zlib\src\__zlib-build\CMakeFiles\CMakeTmp\cmTC_8487b.vcxproj]
  D:\rexWork\action\20190816_SLAM\ORBSLAM24Windows\Thirdparty\Pangolin\build\external\zlib\src\__zlib-build\CMakeFiles\CheckTypeSize\OFF64_T.c(27): error C2065: 'off64_t': undeclared identifier [D:\rexWork\action\20190816_SLAM\ORBSLAM24Windows\Thirdparty\Pangolin\build\external\zlib\src\__zlib-build\CMakeFiles\CMakeTmp\cmTC_8487b.vcxproj]
  D:\rexWork\action\20190816_SLAM\ORBSLAM24Windows\Thirdparty\Pangolin\build\external\zlib\src\__zlib-build\CMakeFiles\CheckTypeSize\OFF64_T.c(28): error C2065: 'off64_t': undeclared identifier [D:\rexWork\action\20190816_SLAM\ORBSLAM24Windows\Thirdparty\Pangolin\build\external\zlib\src\__zlib-build\CMakeFiles\CMakeTmp\cmTC_8487b.vcxproj]
  D:\rexWork\action\20190816_SLAM\ORBSLAM24Windows\Thirdparty\Pangolin\build\external\zlib\src\__zlib-build\CMakeFiles\CheckTypeSize\OFF64_T.c(29): error C2065: 'off64_t': undeclared identifier [D:\rexWork\action\20190816_SLAM\ORBSLAM24Windows\Thirdparty\Pangolin\build\external\zlib\src\__zlib-build\CMakeFiles\CMakeTmp\cmTC_8487b.vcxproj]

    0 Warning(s)
    5 Error(s)

Time Elapsed 00:00:00.34

D:/rexWork/action/20190816_SLAM/ORBSLAM24Windows/Thirdparty/Pangolin/build/external/zlib/src/__zlib-build/CMakeFiles/CheckTypeSize/OFF64_T.c:
#include <sys/types.h>
#include <stdint.h>
#include <stddef.h>


#undef KEY
#if defined(__i386)
# define KEY '_','_','i','3','8','6'
#elif defined(__x86_64)
# define KEY '_','_','x','8','6','_','6','4'
#elif defined(__ppc__)
# define KEY '_','_','p','p','c','_','_'
#elif defined(__ppc64__)
# define KEY '_','_','p','p','c','6','4','_','_'
#elif defined(__aarch64__)
# define KEY '_','_','a','a','r','c','h','6','4','_','_'
#elif defined(__ARM_ARCH_7A__)
# define KEY '_','_','A','R','M','_','A','R','C','H','_','7','A','_','_'
#elif defined(__ARM_ARCH_7S__)
# define KEY '_','_','A','R','M','_','A','R','C','H','_','7','S','_','_'
#endif

#define SIZE (sizeof(off64_t))
char info_size[] =  {'I', 'N', 'F', 'O', ':', 's','i','z','e','[',
  ('0' + ((SIZE / 10000)%10)),
  ('0' + ((SIZE / 1000)%10)),
  ('0' + ((SIZE / 100)%10)),
  ('0' + ((SIZE / 10)%10)),
  ('0' +  (SIZE    % 10)),
  ']',
#ifdef KEY
  ' ','k','e','y','[', KEY, ']',
#endif
  '\0'};

#ifdef __CLASSIC_C__
int main(argc, argv) int argc; char *argv[];
#else
int main(int argc, char *argv[])
#endif
{
  int require = 0;
  require += info_size[argc];
  (void)argv;
  return require;
}


Determining if the function fseeko exists failed with the following output:
Change Dir: D:/rexWork/action/20190816_SLAM/ORBSLAM24Windows/Thirdparty/Pangolin/build/external/zlib/src/__zlib-build/CMakeFiles/CMakeTmp

Run Build Command:"C:/Program Files (x86)/MSBuild/14.0/bin/MSBuild.exe" "cmTC_d7dbf.vcxproj" "/p:Configuration=Debug" "/p:Platform=x64" "/p:VisualStudioVersion=14.0"
Microsoft (R) Build Engine version 14.0.24730.2
Copyright (C) Microsoft Corporation. All rights reserved.

Build started 8/26/2019 2:35:09 PM.
The target "BeforeGenerateProjectPriFile" listed in a BeforeTargets attribute at "C:\Program Files (x86)\MSBuild\Microsoft\NuGet\Microsoft.NuGet.targets (186,61)" does not exist in the project, and will be ignored.
Project "D:\rexWork\action\20190816_SLAM\ORBSLAM24Windows\Thirdparty\Pangolin\build\external\zlib\src\__zlib-build\CMakeFiles\CMakeTmp\cmTC_d7dbf.vcxproj" on node 1 (default targets).
PrepareForBuild:
  Creating directory "cmTC_d7dbf.dir\Debug\".
  Creating directory "D:\rexWork\action\20190816_SLAM\ORBSLAM24Windows\Thirdparty\Pangolin\build\external\zlib\src\__zlib-build\CMakeFiles\CMakeTmp\Debug\".
  Creating directory "cmTC_d7dbf.dir\Debug\cmTC_d7dbf.tlog\".
InitializeBuildStatus:
  Creating "cmTC_d7dbf.dir\Debug\cmTC_d7dbf.tlog\unsuccessfulbuild" because "AlwaysCreate" was specified.
ClCompile:
  C:\Program Files (x86)\Microsoft Visual Studio 14.0\VC\bin\x86_amd64\CL.exe /c /Zi /W3 /WX- /Od /Ob0 /D WIN32 /D _WINDOWS /D CHECK_FUNCTION_EXISTS=fseeko /D "CMAKE_INTDIR=\"Debug\"" /D _MBCS /Gm- /RTC1 /MDd /GS /fp:precise /Zc:wchar_t /Zc:forScope /Zc:inline /Fo"cmTC_d7dbf.dir\Debug\\" /Fd"cmTC_d7dbf.dir\Debug\vc140.pdb" /Gd /TC /errorReport:queue "C:\Program Files\CMake\share\cmake-3.13\Modules\CheckFunctionExists.c"
  Microsoft (R) C/C++ Optimizing Compiler Version 19.00.23506 for x64
  Copyright (C) Microsoft Corporation.  All rights reserved.
  
  cl /c /Zi /W3 /WX- /Od /Ob0 /D WIN32 /D _WINDOWS /D CHECK_FUNCTION_EXISTS=fseeko /D "CMAKE_INTDIR=\"Debug\"" /D _MBCS /Gm- /RTC1 /MDd /GS /fp:precise /Zc:wchar_t /Zc:forScope /Zc:inline /Fo"cmTC_d7dbf.dir\Debug\\" /Fd"cmTC_d7dbf.dir\Debug\vc140.pdb" /Gd /TC /errorReport:queue "C:\Program Files\CMake\share\cmake-3.13\Modules\CheckFunctionExists.c"
  
  CheckFunctionExists.c
Link:
  C:\Program Files (x86)\Microsoft Visual Studio 14.0\VC\bin\x86_amd64\link.exe /ERRORREPORT:QUEUE /OUT:"D:\rexWork\action\20190816_SLAM\ORBSLAM24Windows\Thirdparty\Pangolin\build\external\zlib\src\__zlib-build\CMakeFiles\CMakeTmp\Debug\cmTC_d7dbf.exe" /INCREMENTAL /NOLOGO kernel32.lib user32.lib gdi32.lib winspool.lib shell32.lib ole32.lib oleaut32.lib uuid.lib comdlg32.lib advapi32.lib /MANIFEST /MANIFESTUAC:"level='asInvoker' uiAccess='false'" /manifest:embed /DEBUG /PDB:"D:/rexWork/action/20190816_SLAM/ORBSLAM24Windows/Thirdparty/Pangolin/build/external/zlib/src/__zlib-build/CMakeFiles/CMakeTmp/Debug/cmTC_d7dbf.pdb" /SUBSYSTEM:CONSOLE /TLBID:1 /DYNAMICBASE /NXCOMPAT /IMPLIB:"D:/rexWork/action/20190816_SLAM/ORBSLAM24Windows/Thirdparty/Pangolin/build/external/zlib/src/__zlib-build/CMakeFiles/CMakeTmp/Debug/cmTC_d7dbf.lib" /MACHINE:X64  /machine:x64 cmTC_d7dbf.dir\Debug\CheckFunctionExists.obj
CheckFunctionExists.obj : error LNK2019: unresolved external symbol fseeko referenced in function main [D:\rexWork\action\20190816_SLAM\ORBSLAM24Windows\Thirdparty\Pangolin\build\external\zlib\src\__zlib-build\CMakeFiles\CMakeTmp\cmTC_d7dbf.vcxproj]
D:\rexWork\action\20190816_SLAM\ORBSLAM24Windows\Thirdparty\Pangolin\build\external\zlib\src\__zlib-build\CMakeFiles\CMakeTmp\Debug\cmTC_d7dbf.exe : fatal error LNK1120: 1 unresolved externals [D:\rexWork\action\20190816_SLAM\ORBSLAM24Windows\Thirdparty\Pangolin\build\external\zlib\src\__zlib-build\CMakeFiles\CMakeTmp\cmTC_d7dbf.vcxproj]
Done Building Project "D:\rexWork\action\20190816_SLAM\ORBSLAM24Windows\Thirdparty\Pangolin\build\external\zlib\src\__zlib-build\CMakeFiles\CMakeTmp\cmTC_d7dbf.vcxproj" (default targets) -- FAILED.

Build FAILED.

"D:\rexWork\action\20190816_SLAM\ORBSLAM24Windows\Thirdparty\Pangolin\build\external\zlib\src\__zlib-build\CMakeFiles\CMakeTmp\cmTC_d7dbf.vcxproj" (default target) (1) ->
(Link target) -> 
  CheckFunctionExists.obj : error LNK2019: unresolved external symbol fseeko referenced in function main [D:\rexWork\action\20190816_SLAM\ORBSLAM24Windows\Thirdparty\Pangolin\build\external\zlib\src\__zlib-build\CMakeFiles\CMakeTmp\cmTC_d7dbf.vcxproj]
  D:\rexWork\action\20190816_SLAM\ORBSLAM24Windows\Thirdparty\Pangolin\build\external\zlib\src\__zlib-build\CMakeFiles\CMakeTmp\Debug\cmTC_d7dbf.exe : fatal error LNK1120: 1 unresolved externals [D:\rexWork\action\20190816_SLAM\ORBSLAM24Windows\Thirdparty\Pangolin\build\external\zlib\src\__zlib-build\CMakeFiles\CMakeTmp\cmTC_d7dbf.vcxproj]

    0 Warning(s)
    2 Error(s)

Time Elapsed 00:00:00.60


Determining if the include file unistd.h exists failed with the following output:
Change Dir: D:/rexWork/action/20190816_SLAM/ORBSLAM24Windows/Thirdparty/Pangolin/build/external/zlib/src/__zlib-build/CMakeFiles/CMakeTmp

Run Build Command:"C:/Program Files (x86)/MSBuild/14.0/bin/MSBuild.exe" "cmTC_8e3d5.vcxproj" "/p:Configuration=Debug" "/p:Platform=x64" "/p:VisualStudioVersion=14.0"
Microsoft (R) Build Engine version 14.0.24730.2
Copyright (C) Microsoft Corporation. All rights reserved.

Build started 8/26/2019 2:35:10 PM.
The target "BeforeGenerateProjectPriFile" listed in a BeforeTargets attribute at "C:\Program Files (x86)\MSBuild\Microsoft\NuGet\Microsoft.NuGet.targets (186,61)" does not exist in the project, and will be ignored.
Project "D:\rexWork\action\20190816_SLAM\ORBSLAM24Windows\Thirdparty\Pangolin\build\external\zlib\src\__zlib-build\CMakeFiles\CMakeTmp\cmTC_8e3d5.vcxproj" on node 1 (default targets).
PrepareForBuild:
  Creating directory "cmTC_8e3d5.dir\Debug\".
  Creating directory "D:\rexWork\action\20190816_SLAM\ORBSLAM24Windows\Thirdparty\Pangolin\build\external\zlib\src\__zlib-build\CMakeFiles\CMakeTmp\Debug\".
  Creating directory "cmTC_8e3d5.dir\Debug\cmTC_8e3d5.tlog\".
InitializeBuildStatus:
  Creating "cmTC_8e3d5.dir\Debug\cmTC_8e3d5.tlog\unsuccessfulbuild" because "AlwaysCreate" was specified.
ClCompile:
  C:\Program Files (x86)\Microsoft Visual Studio 14.0\VC\bin\x86_amd64\CL.exe /c /Zi /W3 /WX- /Od /Ob0 /D WIN32 /D _WINDOWS /D "CMAKE_INTDIR=\"Debug\"" /D _MBCS /Gm- /RTC1 /MDd /GS /fp:precise /Zc:wchar_t /Zc:forScope /Zc:inline /Fo"cmTC_8e3d5.dir\Debug\\" /Fd"cmTC_8e3d5.dir\Debug\vc140.pdb" /Gd /TC /errorReport:queue "D:\rexWork\action\20190816_SLAM\ORBSLAM24Windows\Thirdparty\Pangolin\build\external\zlib\src\__zlib-build\CMakeFiles\CMakeTmp\CheckIncludeFile.c"
  Microsoft (R) C/C++ Optimizing Compiler Version 19.00.23506 for x64
  Copyright (C) Microsoft Corporation.  All rights reserved.
  
  cl /c /Zi /W3 /WX- /Od /Ob0 /D WIN32 /D _WINDOWS /D "CMAKE_INTDIR=\"Debug\"" /D _MBCS /Gm- /RTC1 /MDd /GS /fp:precise /Zc:wchar_t /Zc:forScope /Zc:inline /Fo"cmTC_8e3d5.dir\Debug\\" /Fd"cmTC_8e3d5.dir\Debug\vc140.pdb" /Gd /TC /errorReport:queue "D:\rexWork\action\20190816_SLAM\ORBSLAM24Windows\Thirdparty\Pangolin\build\external\zlib\src\__zlib-build\CMakeFiles\CMakeTmp\CheckIncludeFile.c"
  
  CheckIncludeFile.c
D:\rexWork\action\20190816_SLAM\ORBSLAM24Windows\Thirdparty\Pangolin\build\external\zlib\src\__zlib-build\CMakeFiles\CMakeTmp\CheckIncludeFile.c(1): fatal error C1083: Cannot open include file: 'unistd.h': No such file or directory [D:\rexWork\action\20190816_SLAM\ORBSLAM24Windows\Thirdparty\Pangolin\build\external\zlib\src\__zlib-build\CMakeFiles\CMakeTmp\cmTC_8e3d5.vcxproj]
Done Building Project "D:\rexWork\action\20190816_SLAM\ORBSLAM24Windows\Thirdparty\Pangolin\build\external\zlib\src\__zlib-build\CMakeFiles\CMakeTmp\cmTC_8e3d5.vcxproj" (default targets) -- FAILED.

Build FAILED.

"D:\rexWork\action\20190816_SLAM\ORBSLAM24Windows\Thirdparty\Pangolin\build\external\zlib\src\__zlib-build\CMakeFiles\CMakeTmp\cmTC_8e3d5.vcxproj" (default target) (1) ->
(ClCompile target) -> 
  D:\rexWork\action\20190816_SLAM\ORBSLAM24Windows\Thirdparty\Pangolin\build\external\zlib\src\__zlib-build\CMakeFiles\CMakeTmp\CheckIncludeFile.c(1): fatal error C1083: Cannot open include file: 'unistd.h': No such file or directory [D:\rexWork\action\20190816_SLAM\ORBSLAM24Windows\Thirdparty\Pangolin\build\external\zlib\src\__zlib-build\CMakeFiles\CMakeTmp\cmTC_8e3d5.vcxproj]

    0 Warning(s)
    1 Error(s)

Time Elapsed 00:00:00.34


